<?xml version="1.0" encoding="UTF-8"?>
<testng-results ignored="0" total="1" passed="1" failed="0" skipped="0">
  <reporter-output>
  </reporter-output>
  <suite started-at="2020-05-02T22:10:45 EDT" name="TestNGdemo" finished-at="2020-05-02T22:10:53 EDT" duration-ms="7849">
    <groups>
    </groups>
    <test started-at="2020-05-02T22:10:45 EDT" name="Testregression" finished-at="2020-05-02T22:10:53 EDT" duration-ms="7849">
      <class name="Seleniumbasics.TestNGBrowserparameter">
        <test-method is-config="true" signature="beforesetup(java.lang.String)[pri:0, instance:Seleniumbasics.TestNGBrowserparameter@5db250b4]" started-at="2020-05-02T22:10:45 EDT" name="beforesetup" finished-at="2020-05-02T22:10:53 EDT" duration-ms="7620" status="PASS">
          <params>
            <param index="0">
              <value>
                <![CDATA[chrome]]>
              </value>
            </param>
          </params>
          <reporter-output>
          </reporter-output>
        </test-method> <!-- beforesetup -->
        <test-method signature="test2()[pri:0, instance:Seleniumbasics.TestNGBrowserparameter@5db250b4]" started-at="2020-05-02T22:10:53 EDT" name="test2" finished-at="2020-05-02T22:10:53 EDT" duration-ms="41" status="PASS">
          <reporter-output>
          </reporter-output>
        </test-method> <!-- test2 -->
        <test-method is-config="true" signature="tearoff()[pri:0, instance:Seleniumbasics.TestNGBrowserparameter@5db250b4]" started-at="2020-05-02T22:10:53 EDT" name="tearoff" finished-at="2020-05-02T22:10:53 EDT" duration-ms="120" status="PASS">
          <reporter-output>
          </reporter-output>
        </test-method> <!-- tearoff -->
      </class> <!-- Seleniumbasics.TestNGBrowserparameter -->
    </test> <!-- Testregression -->
  </suite> <!-- TestNGdemo -->
</testng-results>
